2026-04-14 13:54:55 INFO  TC_001_AccountRegistrationPageTest:14 - ******Starting TC_001_AccountRegistrationPage***********
2026-04-14 13:54:56 INFO  TC_001_AccountRegistrationPageTest:18 - Clicking on MyAccount link.....
2026-04-14 13:54:56 INFO  TC_001_AccountRegistrationPageTest:21 - Clicking on Register link.....
2026-04-14 13:54:58 INFO  TC_001_AccountRegistrationPageTest:26 - Providing customer info.....
2026-04-14 13:55:01 INFO  TC_001_AccountRegistrationPageTest:40 -  Validating expected message... 
2026-04-14 13:55:01 INFO  TC_001_AccountRegistrationPageTest:63 - *****Finished TC_001_AccountRegistrationPage***** 
2026-04-14 13:55:05 INFO  TC_002_LoginTest:16 - ******Starting TC_002_LoginTest*****
2026-04-14 13:55:08 INFO  TC_002_LoginTest:40 - *****Finishing TC_002_LoginTest*****
2026-04-14 14:12:28 INFO  TC_001_AccountRegistrationPageTest:14 - ******Starting TC_001_AccountRegistrationPage***********
2026-04-14 14:12:28 INFO  TC_001_AccountRegistrationPageTest:18 - Clicking on MyAccount link.....
2026-04-14 14:12:28 INFO  TC_001_AccountRegistrationPageTest:21 - Clicking on Register link.....
2026-04-14 14:12:29 INFO  TC_001_AccountRegistrationPageTest:26 - Providing customer info.....
2026-04-14 14:12:33 INFO  TC_001_AccountRegistrationPageTest:40 -  Validating expected message... 
2026-04-14 14:12:34 INFO  TC_001_AccountRegistrationPageTest:63 - *****Finished TC_001_AccountRegistrationPage***** 
2026-04-14 14:12:37 INFO  TC_002_LoginTest:16 - ******Starting TC_002_LoginTest*****
2026-04-14 14:12:41 INFO  TC_002_LoginTest:40 - *****Finishing TC_002_LoginTest*****
2026-04-14 19:39:11 INFO  TC_001_AccountRegistrationPageTest:14 - ******Starting TC_001_AccountRegistrationPage***********
2026-04-14 19:39:11 INFO  TC_001_AccountRegistrationPageTest:18 - Clicking on MyAccount link.....
2026-04-14 19:39:12 INFO  TC_001_AccountRegistrationPageTest:21 - Clicking on Register link.....
2026-04-14 19:39:12 INFO  TC_001_AccountRegistrationPageTest:26 - Providing customer info.....
2026-04-14 19:39:15 INFO  TC_001_AccountRegistrationPageTest:40 -  Validating expected message... 
2026-04-14 19:39:15 INFO  TC_001_AccountRegistrationPageTest:63 - *****Finished TC_001_AccountRegistrationPage***** 
2026-04-14 19:39:18 INFO  TC_002_LoginTest:16 - ******Starting TC_002_LoginTest*****
2026-04-14 19:39:21 INFO  TC_002_LoginTest:40 - *****Finishing TC_002_LoginTest*****
2026-04-14 19:44:47 INFO  TC_001_AccountRegistrationPageTest:14 - ******Starting TC_001_AccountRegistrationPage***********
2026-04-14 19:44:47 INFO  TC_001_AccountRegistrationPageTest:18 - Clicking on MyAccount link.....
2026-04-14 19:44:48 INFO  TC_001_AccountRegistrationPageTest:21 - Clicking on Register link.....
2026-04-14 19:44:48 INFO  TC_001_AccountRegistrationPageTest:26 - Providing customer info.....
2026-04-14 19:44:51 INFO  TC_001_AccountRegistrationPageTest:40 -  Validating expected message... 
2026-04-14 19:44:51 INFO  TC_001_AccountRegistrationPageTest:63 - *****Finished TC_001_AccountRegistrationPage***** 
2026-04-14 19:44:54 INFO  TC_002_LoginTest:16 - ******Starting TC_002_LoginTest*****
2026-04-14 19:44:57 INFO  TC_002_LoginTest:40 - *****Finishing TC_002_LoginTest*****
2026-04-14 19:54:24 INFO  TC_001_AccountRegistrationPageTest:14 - ******Starting TC_001_AccountRegistrationPage***********
2026-04-14 19:54:24 INFO  TC_001_AccountRegistrationPageTest:18 - Clicking on MyAccount link.....
2026-04-14 19:54:25 INFO  TC_001_AccountRegistrationPageTest:21 - Clicking on Register link.....
2026-04-14 19:54:26 INFO  TC_001_AccountRegistrationPageTest:26 - Providing customer info.....
2026-04-14 19:54:28 INFO  TC_001_AccountRegistrationPageTest:40 -  Validating expected message... 
2026-04-14 19:54:28 INFO  TC_001_AccountRegistrationPageTest:63 - *****Finished TC_001_AccountRegistrationPage***** 
2026-04-14 19:54:32 INFO  TC_002_LoginTest:16 - ******Starting TC_002_LoginTest*****
2026-04-14 19:54:34 INFO  TC_002_LoginTest:40 - *****Finishing TC_002_LoginTest*****
2026-04-14 20:38:14 INFO  TC_001_AccountRegistrationPageTest:14 - ******Starting TC_001_AccountRegistrationPage***********
2026-04-14 20:38:14 INFO  TC_001_AccountRegistrationPageTest:18 - Clicking on MyAccount link.....
2026-04-14 20:38:14 INFO  TC_001_AccountRegistrationPageTest:21 - Clicking on Register link.....
2026-04-14 20:38:15 INFO  TC_001_AccountRegistrationPageTest:26 - Providing customer info.....
2026-04-14 20:38:18 INFO  TC_001_AccountRegistrationPageTest:40 -  Validating expected message... 
2026-04-14 20:38:18 INFO  TC_001_AccountRegistrationPageTest:63 - *****Finished TC_001_AccountRegistrationPage***** 
2026-04-14 20:38:21 INFO  TC_002_LoginTest:16 - ******Starting TC_002_LoginTest*****
2026-04-14 20:38:25 INFO  TC_002_LoginTest:40 - *****Finishing TC_002_LoginTest*****
2026-04-14 20:38:28 INFO  TC_004_SearchProductTest:14 -  Starting TC_004_SearchProductTest 
2026-04-14 20:38:29 INFO  TC_004_SearchProductTest:34 -  Finished TC_004_SearchProductTest 
2026-04-14 20:38:32 INFO  TC_005_AddToCartPageTest:15 -  Starting TC_005_AddToCartPageTest 
2026-04-14 20:38:35 INFO  TC_005_AddToCartPageTest:41 -  Finished TC_004_SearchProductTest 
2026-04-14 20:54:27 INFO  Utils:112 - [TestNG] Running:
  C:\work space java\Opencartv121\master.xml

2026-04-14 21:01:02 INFO  Utils:112 - [TestNG] Running:
  C:\work space java\Opencartv121\master.xml

2026-04-14 21:10:55 INFO  Utils:112 - [TestNG] Running:
  C:\work space java\Opencartv121\master.xml

2026-04-14 21:37:40 INFO  TC_001_AccountRegistrationPageTest:14 - ******Starting TC_001_AccountRegistrationPage***********
2026-04-14 21:37:40 INFO  TC_001_AccountRegistrationPageTest:18 - Clicking on MyAccount link.....
2026-04-14 21:37:40 INFO  TC_001_AccountRegistrationPageTest:21 - Clicking on Register link.....
2026-04-14 21:37:41 INFO  TC_001_AccountRegistrationPageTest:26 - Providing customer info.....
2026-04-14 21:37:44 INFO  TC_001_AccountRegistrationPageTest:40 -  Validating expected message... 
2026-04-14 21:37:44 INFO  TC_001_AccountRegistrationPageTest:63 - *****Finished TC_001_AccountRegistrationPage***** 
2026-04-14 21:37:47 INFO  TC_002_LoginTest:16 - ******Starting TC_002_LoginTest*****
2026-04-14 21:37:50 INFO  TC_002_LoginTest:40 - *****Finishing TC_002_LoginTest*****
2026-04-14 21:37:53 INFO  TC_004_SearchProductTest:14 -  Starting TC_004_SearchProductTest 
2026-04-14 21:37:54 INFO  TC_004_SearchProductTest:34 -  Finished TC_004_SearchProductTest 
2026-04-14 21:37:57 INFO  TC_005_AddToCartPageTest:15 -  Starting TC_005_AddToCartPageTest 
2026-04-14 21:40:05 INFO  Utils:112 - [TestNG] Running:
  C:\work space java\Opencartv121\master.xml

2026-04-14 21:40:09 INFO  TC_001_AccountRegistrationPageTest:14 - ******Starting TC_001_AccountRegistrationPage***********
2026-04-14 21:40:09 INFO  TC_001_AccountRegistrationPageTest:18 - Clicking on MyAccount link.....
2026-04-14 21:40:10 INFO  TC_001_AccountRegistrationPageTest:21 - Clicking on Register link.....
2026-04-14 21:40:10 INFO  TC_001_AccountRegistrationPageTest:26 - Providing customer info.....
2026-04-14 21:40:13 INFO  TC_001_AccountRegistrationPageTest:40 -  Validating expected message... 
2026-04-14 21:40:13 INFO  TC_001_AccountRegistrationPageTest:63 - *****Finished TC_001_AccountRegistrationPage***** 
2026-04-14 21:40:17 INFO  TC_002_LoginTest:16 - ******Starting TC_002_LoginTest*****
2026-04-14 21:40:20 INFO  TC_002_LoginTest:40 - *****Finishing TC_002_LoginTest*****
2026-04-14 21:40:23 INFO  TC_004_SearchProductTest:14 -  Starting TC_004_SearchProductTest 
2026-04-14 21:40:24 INFO  TC_004_SearchProductTest:34 -  Finished TC_004_SearchProductTest 
2026-04-14 21:40:28 INFO  TC_005_AddToCartPageTest:15 -  Starting TC_005_AddToCartPageTest 
2026-04-14 21:40:30 INFO  TC_005_AddToCartPageTest:41 -  Finished TC_004_SearchProductTest 
2026-04-14 21:41:00 INFO  TC_001_AccountRegistrationPageTest:14 - ******Starting TC_001_AccountRegistrationPage***********
2026-04-14 21:41:00 INFO  TC_001_AccountRegistrationPageTest:18 - Clicking on MyAccount link.....
2026-04-14 21:41:00 INFO  TC_001_AccountRegistrationPageTest:21 - Clicking on Register link.....
2026-04-14 21:41:01 INFO  TC_001_AccountRegistrationPageTest:26 - Providing customer info.....
2026-04-14 21:41:05 INFO  TC_001_AccountRegistrationPageTest:40 -  Validating expected message... 
2026-04-14 21:41:05 INFO  TC_001_AccountRegistrationPageTest:63 - *****Finished TC_001_AccountRegistrationPage***** 
2026-04-14 21:41:08 INFO  TC_002_LoginTest:16 - ******Starting TC_002_LoginTest*****
2026-04-14 21:41:11 INFO  TC_002_LoginTest:40 - *****Finishing TC_002_LoginTest*****
2026-04-14 21:41:15 INFO  TC_004_SearchProductTest:14 -  Starting TC_004_SearchProductTest 
2026-04-14 21:41:16 INFO  TC_004_SearchProductTest:34 -  Finished TC_004_SearchProductTest 
2026-04-14 21:41:19 INFO  TC_005_AddToCartPageTest:15 -  Starting TC_005_AddToCartPageTest 
2026-04-14 21:41:22 INFO  TC_005_AddToCartPageTest:41 -  Finished TC_004_SearchProductTest 
